<?xml version="1.0" encoding="utf-8"?><testsuite errors="0" failures="2" name="pytest" skipped="36" tests="1173" time="186.175"><testcase classname="" file="evalml/tests/component_tests/test_text_featurizer.py" name="evalml.tests.component_tests.test_text_featurizer" time="0.000"><skipped message="collection skipped">(&apos;/Users/bryan.chen/Documents/featurelabs/evalml/evalml/tests/component_tests/test_text_featurizer.py&apos;, 9, &apos;Skipped: Skipping test because featuretools not installed&apos;)</skipped></testcase><testcase classname="evalml.tests.test_all_test_dirs_included" file="evalml/tests/test_all_test_dirs_included.py" line="5" name="test_all_test_dirs_included" time="0.036"><failure message="assert 17 == 16
  -17
  +16">def test_all_test_dirs_included():
        all_modules = find_packages()
        test_dir = os.path.dirname(__file__)
        all_test_dirs_with_init_files = [module for module in all_modules if &quot;evalml.tests&quot; in module]
        all_test_dirs = [dirname for dirname, _, files in os.walk(test_dir) if &quot;__pycache__&quot; not in dirname and &quot;test&quot; in os.path.split(dirname)[1]]
&gt;       assert len(all_test_dirs) == len(all_test_dirs_with_init_files)
E       assert 17 == 16
E         -17
E         +16

evalml/tests/test_all_test_dirs_included.py:11: AssertionError</failure></testcase><testcase classname="evalml.data_checks.highly_null_data_check" file="evalml/data_checks/highly_null_data_check.py" line="22" name="evalml.data_checks.highly_null_data_check.HighlyNullDataCheck.validate" time="0.023"></testcase><testcase classname="evalml.data_checks.invalid_targets_data_check" file="evalml/data_checks/invalid_targets_data_check.py" line="15" name="evalml.data_checks.invalid_targets_data_check.InvalidTargetDataCheck.validate" time="0.023"></testcase><testcase classname="evalml.data_checks.outliers_data_check" file="evalml/data_checks/outliers_data_check.py" line="23" name="evalml.data_checks.outliers_data_check.OutliersDataCheck.validate" time="0.283"></testcase><testcase classname="evalml.data_checks.label_leakage_data_check" file="evalml/data_checks/label_leakage_data_check.py" line="25" name="evalml.data_checks.label_leakage_data_check.LabelLeakageDataCheck.validate" time="0.030"></testcase><testcase classname="evalml.model_understanding.prediction_explanations._algorithms" file="evalml/model_understanding/prediction_explanations/_algorithms.py" line="113" name="evalml.model_understanding.prediction_explanations._algorithms._normalize_values_dict" time="0.021"></testcase><testcase classname="evalml.data_checks.id_columns_data_check" file="evalml/data_checks/id_columns_data_check.py" line="20" name="evalml.data_checks.id_columns_data_check.IDColumnsDataCheck.validate" time="0.038"></testcase><testcase classname="evalml.tests.automl_tests.test_automl" file="evalml/tests/automl_tests/test_automl.py" line="38" name="test_search_results[Regression]" time="1.961"><system-out>Generating pipelines to search over...
*****************************
* Beginning pipeline search *
*****************************

Optimizing for R2. 
Greater score is better.

Searching up to 2 pipelines. 
Allowed model families: random_forest, catboost, linear_model, extra_trees, xgboost

(1/2) Mean Baseline Regression Pipeline        Elapsed:00:00
	Starting cross validation
	Finished cross validation - mean R2: -0.015
(2/2) Extra Trees Regressor w/ Imputer         Elapsed:00:00
	Starting cross validation
	Finished cross validation - mean R2: 0.910

Search finished after 00:00            
Best pipeline: Extra Trees Regressor w/ Imputer
Best pipeline R2: 0.909807
</system-out></testcase><testcase classname="evalml.tests.automl_tests.test_automl" file="evalml/tests/automl_tests/test_automl.py" line="147" name="test_pipeline_fit_raises" time="1.233"><system-out>Generating pipelines to search over...
*****************************
* Beginning pipeline search *
*****************************

Optimizing for Log Loss Binary. 
Lower score is better.

Searching up to 1 pipelines. 
Allowed model families: linear_model, catboost, extra_trees, random_forest, lightgbm, xgboost

(1/1) Mode Baseline Binary Classification P... Elapsed:00:00
	Starting cross validation
			Fold 0: Encountered an error.
			Fold 0: All scores will be replaced with nan.
			Fold 0: Please check /Users/bryan.chen/Documents/featurelabs/evalml/evalml_debug.log for the current hyperparameters and stack trace.
			Fold 1: Encountered an error.
			Fold 1: All scores will be replaced with nan.
			Fold 1: Please check /Users/bryan.chen/Documents/featurelabs/evalml/evalml_debug.log for the current hyperparameters and stack trace.
			Fold 2: Encountered an error.
			Fold 2: All scores will be replaced with nan.
			Fold 2: Please check /Users/bryan.chen/Documents/featurelabs/evalml/evalml_debug.log for the current hyperparameters and stack trace.
	Finished cross validation - mean Log Loss Binary: nan

Search finished after 00:00            
Best pipeline: Mode Baseline Binary Classification Pipeline
Best pipeline Log Loss Binary: nan
</system-out></testcase><testcase classname="evalml.tests.automl_tests.test_automl" file="evalml/tests/automl_tests/test_automl.py" line="38" name="test_search_results[Binary Classification]" time="2.241"><system-out>Generating pipelines to search over...
*****************************
* Beginning pipeline search *
*****************************

Optimizing for Log Loss Binary. 
Lower score is better.

Searching up to 2 pipelines. 
Allowed model families: catboost, lightgbm, extra_trees, xgboost, random_forest, linear_model

(1/2) Mode Baseline Binary Classification P... Elapsed:00:00
	Starting cross validation
	Finished cross validation - mean Log Loss Binary: 17.618
(2/2) LightGBM Classifier w/ Imputer           Elapsed:00:00
	Starting cross validation
	Finished cross validation - mean Log Loss Binary: 0.389

Search finished after 00:01            
Best pipeline: LightGBM Classifier w/ Imputer
Best pipeline Log Loss Binary: 0.388713
</system-out></testcase><testcase classname="evalml.tests.automl_tests.test_automl" file="evalml/tests/automl_tests/test_automl.py" line="87" name="test_pipeline_limits[Binary Classification]" time="3.890"><system-out>Generating pipelines to search over...
*****************************
* Beginning pipeline search *
*****************************

Optimizing for Log Loss Binary. 
Lower score is better.

Searching up to 1 pipelines. 
Allowed model families: catboost, linear_model, extra_trees, random_forest, xgboost, lightgbm

(1/1) Mode Baseline Binary Classification P... Elapsed:00:00
	Starting cross validation
	Finished cross validation - mean Log Loss Binary: 1.000

Search finished after 00:00            
Best pipeline: Mode Baseline Binary Classification Pipeline
Best pipeline Log Loss Binary: 1.000000
Generating pipelines to search over...
*****************************
* Beginning pipeline search *
*****************************

Optimizing for Log Loss Binary. 
Lower score is better.

Will stop searching for new pipelines after 1 seconds.

Allowed model families: catboost, linear_model, extra_trees, random_forest, xgboost, lightgbm

Mode Baseline Binary Classification P... Elapsed: 00:00
	Starting cross validation
	Finished cross validation - mean Log Loss Binary: 1.000
LightGBM Classifier w/ Imputer           Elapsed: 00:00
	Starting cross validation
	Finished cross validation - mean Log Loss Binary: 1.000
Extra Trees Classifier w/ Imputer        Elapsed: 00:00
	Starting cross validation
	Finished cross validation - mean Log Loss Binary: 1.000
Elastic Net Classifier w/ Imputer + S... Elapsed: 00:00
	Starting cross validation
	Finished cross validation - mean Log Loss Binary: 1.000
CatBoost Classifier w/ Imputer           Elapsed: 00:00
	Starting cross validation
	Finished cross validation - mean Log Loss Binary: 1.000
XGBoost Classifier w/ Imputer            Elapsed: 00:00
	Starting cross validation
	Finished cross validation - mean Log Loss Binary: 1.000
Random Forest Classifier w/ Imputer      Elapsed: 00:00
	Starting cross validation
	Finished cross validation - mean Log Loss Binary: 1.000
Logistic Regression Classifier w/ Imp... Elapsed: 00:00
	Starting cross validation
	Finished cross validation - mean Log Loss Binary: 1.000
LightGBM Classifier w/ Imputer           Elapsed: 00:00
	Starting cross validation
	Finished cross validation - mean Log Loss Binary: 1.000
LightGBM Classifier w/ Imputer           Elapsed: 00:00
	Starting cross validation
	Finished cross validation - mean Log Loss Binary: 1.000
LightGBM Classifier w/ Imputer           Elapsed: 00:00
	Starting cross validation
	Finished cross validation - mean Log Loss Binary: 1.000
LightGBM Classifier w/ Imputer           Elapsed: 00:00
	Starting cross validation
	Finished cross validation - mean Log Loss Binary: 1.000
LightGBM Classifier w/ Imputer           Elapsed: 00:00
	Starting cross validation
	Finished cross validation - mean Log Loss Binary: 1.000
Extra Trees Classifier w/ Imputer        Elapsed: 00:00
	Starting cross validation
	Finished cross validation - mean Log Loss Binary: 1.000
Extra Trees Classifier w/ Imputer        Elapsed: 00:00
	Starting cross validation
	Finished cross validation - mean Log Loss Binary: 1.000
Extra Trees Classifier w/ Imputer        Elapsed: 00:00
	Starting cross validation
	Finished cross validation - mean Log Loss Binary: 1.000
Extra Trees Classifier w/ Imputer        Elapsed: 00:00
	Starting cross validation
	Finished cross validation - mean Log Loss Binary: 1.000
Extra Trees Classifier w/ Imputer        Elapsed: 00:00
	Starting cross validation
	Finished cross validation - mean Log Loss Binary: 1.000
Elastic Net Classifier w/ Imputer + S... Elapsed: 00:00
	Starting cross validation
	Finished cross validation - mean Log Loss Binary: 1.000
Elastic Net Classifier w/ Imputer + S... Elapsed: 00:00
	Starting cross validation
	Finished cross validation - mean Log Loss Binary: 1.000
Elastic Net Classifier w/ Imputer + S... Elapsed: 00:00
	Starting cross validation
	Finished cross validation - mean Log Loss Binary: 1.000
Elastic Net Classifier w/ Imputer + S... Elapsed: 00:00
	Starting cross validation
	Finished cross validation - mean Log Loss Binary: 1.000
Elastic Net Classifier w/ Imputer + S... Elapsed: 00:00
	Starting cross validation
	Finished cross validation - mean Log Loss Binary: 1.000
CatBoost Classifier w/ Imputer           Elapsed: 00:00
	Starting cross validation
	Finished cross validation - mean Log Loss Binary: 1.000
CatBoost Classifier w/ Imputer           Elapsed: 00:00
	Starting cross validation
	Finished cross validation - mean Log Loss Binary: 1.000
CatBoost Classifier w/ Imputer           Elapsed: 00:00
	Starting cross validation
	Finished cross validation - mean Log Loss Binary: 1.000
CatBoost Classifier w/ Imputer           Elapsed: 00:00
	Starting cross validation
	Finished cross validation - mean Log Loss Binary: 1.000
CatBoost Classifier w/ Imputer           Elapsed: 00:00
	Starting cross validation
	Finished cross validation - mean Log Loss Binary: 1.000
XGBoost Classifier w/ Imputer            Elapsed: 00:00
	Starting cross validation
	Finished cross validation - mean Log Loss Binary: 1.000
XGBoost Classifier w/ Imputer            Elapsed: 00:00
	Starting cross validation
	Finished cross validation - mean Log Loss Binary: 1.000
XGBoost Classifier w/ Imputer            Elapsed: 00:00
	Starting cross validation
	Finished cross validation - mean Log Loss Binary: 1.000
XGBoost Classifier w/ Imputer            Elapsed: 00:00
	Starting cross validation
	Finished cross validation - mean Log Loss Binary: 1.000
XGBoost Classifier w/ Imputer            Elapsed: 00:00
	Starting cross validation
	Finished cross validation - mean Log Loss Binary: 1.000
Random Forest Classifier w/ Imputer      Elapsed: 00:00
	Starting cross validation
	Finished cross validation - mean Log Loss Binary: 1.000
Random Forest Classifier w/ Imputer      Elapsed: 00:00
	Starting cross validation
	Finished cross validation - mean Log Loss Binary: 1.000
Random Forest Classifier w/ Imputer      Elapsed: 00:00
	Starting cross validation
	Finished cross validation - mean Log Loss Binary: 1.000
Random Forest Classifier w/ Imputer      Elapsed: 00:00
	Starting cross validation
	Finished cross validation - mean Log Loss Binary: 1.000
Random Forest Classifier w/ Imputer      Elapsed: 00:00
	Starting cross validation
	Finished cross validation - mean Log Loss Binary: 1.000
Logistic Regression Classifier w/ Imp... Elapsed: 00:00
	Starting cross validation
	Finished cross validation - mean Log Loss Binary: 1.000
Logistic Regression Classifier w/ Imp... Elapsed: 00:00
	Starting cross validation
	Finished cross validation - mean Log Loss Binary: 1.000
Logistic Regression Classifier w/ Imp... Elapsed: 00:00
	Starting cross validation
	Finished cross validation - mean Log Loss Binary: 1.000
Logistic Regression Classifier w/ Imp... Elapsed: 00:00
	Starting cross validation
	Finished cross validation - mean Log Loss Binary: 1.000
Logistic Regression Classifier w/ Imp... Elapsed: 00:00
	Starting cross validation
	Finished cross validation - mean Log Loss Binary: 1.000
LightGBM Classifier w/ Imputer           Elapsed: 00:00
	Starting cross validation
	Finished cross validation - mean Log Loss Binary: 1.000
LightGBM Classifier w/ Imputer           Elapsed: 00:00
	Starting cross validation
	Finished cross validation - mean Log Loss Binary: 1.000
LightGBM Classifier w/ Imputer           Elapsed: 00:00
	Starting cross validation
	Finished cross validation - mean Log Loss Binary: 1.000
LightGBM Classifier w/ Imputer           Elapsed: 00:00
	Starting cross validation
	Finished cross validation - mean Log Loss Binary: 1.000

Search finished after 00:01            
Best pipeline: Mode Baseline Binary Classification Pipeline
Best pipeline Log Loss Binary: 1.000000
Generating pipelines to search over...
*****************************
* Beginning pipeline search *
*****************************

Optimizing for Log Loss Binary. 
Lower score is better.

Searching up to 5 pipelines. 
Will stop searching for new pipelines after 1 seconds.

Allowed model families: catboost, linear_model, extra_trees, random_forest, xgboost, lightgbm

(1/5) Mode Baseline Binary Classification P... Elapsed:00:00
	Starting cross validation
	Finished cross validation - mean Log Loss Binary: 1.000
(2/5) LightGBM Classifier w/ Imputer           Elapsed:00:00
	Starting cross validation
	Finished cross validation - mean Log Loss Binary: 1.000
(3/5) Extra Trees Classifier w/ Imputer        Elapsed:00:00
	Starting cross validation
	Finished cross validation - mean Log Loss Binary: 1.000
(4/5) Elastic Net Classifier w/ Imputer + S... Elapsed:00:00
	Starting cross validation
	Finished cross validation - mean Log Loss Binary: 1.000
(5/5) CatBoost Classifier w/ Imputer           Elapsed:00:00
	Starting cross validation
	Finished cross validation - mean Log Loss Binary: 1.000

Search finished after 00:00            
Best pipeline: Mode Baseline Binary Classification Pipeline
Best pipeline Log Loss Binary: 1.000000
Using default limit of max_pipelines=5.

Generating pipelines to search over...
*****************************
* Beginning pipeline search *
*****************************

Optimizing for Log Loss Binary. 
Lower score is better.

Searching up to 5 pipelines. 
Allowed model families: catboost, linear_model, extra_trees, random_forest, xgboost, lightgbm

(1/5) Mode Baseline Binary Classification P... Elapsed:00:00
	Starting cross validation
	Finished cross validation - mean Log Loss Binary: 1.000
(2/5) LightGBM Classifier w/ Imputer           Elapsed:00:00
	Starting cross validation
	Finished cross validation - mean Log Loss Binary: 1.000
(3/5) Extra Trees Classifier w/ Imputer        Elapsed:00:00
	Starting cross validation
	Finished cross validation - mean Log Loss Binary: 1.000
(4/5) Elastic Net Classifier w/ Imputer + S... Elapsed:00:00
	Starting cross validation
	Finished cross validation - mean Log Loss Binary: 1.000
(5/5) CatBoost Classifier w/ Imputer           Elapsed:00:00
	Starting cross validation
	Finished cross validation - mean Log Loss Binary: 1.000

Search finished after 00:00            
Best pipeline: Mode Baseline Binary Classification Pipeline
Best pipeline Log Loss Binary: 1.000000
Generating pipelines to search over...
*****************************
* Beginning pipeline search *
*****************************

Optimizing for Log Loss Binary. 
Lower score is better.

Will stop searching for new pipelines after 0 seconds.

Allowed model families: catboost, linear_model, extra_trees, random_forest, xgboost, lightgbm

Mode Baseline Binary Classification P... Elapsed: 00:00
	Starting cross validation
	Finished cross validation - mean Log Loss Binary: 1.000

Search finished after 00:00            
Best pipeline: Mode Baseline Binary Classification Pipeline
Best pipeline Log Loss Binary: 1.000000
</system-out></testcase><testcase classname="evalml.tests.automl_tests.test_automl" file="evalml/tests/automl_tests/test_automl.py" line="87" name="test_pipeline_limits[Multiclass Classification]" time="3.873"><system-out>Generating pipelines to search over...
*****************************
* Beginning pipeline search *
*****************************

Optimizing for Log Loss Multiclass. 
Lower score is better.

Searching up to 1 pipelines. 
Allowed model families: xgboost, extra_trees, lightgbm, random_forest, linear_model, catboost

(1/1) Mode Baseline Multiclass Classificati... Elapsed:00:00
	Starting cross validation
	Finished cross validation - mean Log Loss Multiclass: 1.000

Search finished after 00:00            
Best pipeline: Mode Baseline Multiclass Classification Pipeline
Best pipeline Log Loss Multiclass: 1.000000
Generating pipelines to search over...
*****************************
* Beginning pipeline search *
*****************************

Optimizing for Log Loss Multiclass. 
Lower score is better.

Will stop searching for new pipelines after 1 seconds.

Allowed model families: xgboost, extra_trees, lightgbm, random_forest, linear_model, catboost

Mode Baseline Multiclass Classificati... Elapsed: 00:00
	Starting cross validation
	Finished cross validation - mean Log Loss Multiclass: 1.000
LightGBM Classifier w/ Imputer           Elapsed: 00:00
	Starting cross validation
	Finished cross validation - mean Log Loss Multiclass: 1.000
Extra Trees Classifier w/ Imputer        Elapsed: 00:00
	Starting cross validation
	Finished cross validation - mean Log Loss Multiclass: 1.000
Elastic Net Classifier w/ Imputer + S... Elapsed: 00:00
	Starting cross validation
	Finished cross validation - mean Log Loss Multiclass: 1.000
CatBoost Classifier w/ Imputer           Elapsed: 00:00
	Starting cross validation
	Finished cross validation - mean Log Loss Multiclass: 1.000
XGBoost Classifier w/ Imputer            Elapsed: 00:00
	Starting cross validation
	Finished cross validation - mean Log Loss Multiclass: 1.000
Random Forest Classifier w/ Imputer      Elapsed: 00:00
	Starting cross validation
	Finished cross validation - mean Log Loss Multiclass: 1.000
Logistic Regression Classifier w/ Imp... Elapsed: 00:00
	Starting cross validation
	Finished cross validation - mean Log Loss Multiclass: 1.000
LightGBM Classifier w/ Imputer           Elapsed: 00:00
	Starting cross validation
	Finished cross validation - mean Log Loss Multiclass: 1.000
LightGBM Classifier w/ Imputer           Elapsed: 00:00
	Starting cross validation
	Finished cross validation - mean Log Loss Multiclass: 1.000
LightGBM Classifier w/ Imputer           Elapsed: 00:00
	Starting cross validation
	Finished cross validation - mean Log Loss Multiclass: 1.000
LightGBM Classifier w/ Imputer           Elapsed: 00:00
	Starting cross validation
	Finished cross validation - mean Log Loss Multiclass: 1.000
LightGBM Classifier w/ Imputer           Elapsed: 00:00
	Starting cross validation
	Finished cross validation - mean Log Loss Multiclass: 1.000
Extra Trees Classifier w/ Imputer        Elapsed: 00:00
	Starting cross validation
	Finished cross validation - mean Log Loss Multiclass: 1.000
Extra Trees Classifier w/ Imputer        Elapsed: 00:00
	Starting cross validation
	Finished cross validation - mean Log Loss Multiclass: 1.000
Extra Trees Classifier w/ Imputer        Elapsed: 00:00
	Starting cross validation
	Finished cross validation - mean Log Loss Multiclass: 1.000
Extra Trees Classifier w/ Imputer        Elapsed: 00:00
	Starting cross validation
	Finished cross validation - mean Log Loss Multiclass: 1.000
Extra Trees Classifier w/ Imputer        Elapsed: 00:00
	Starting cross validation
	Finished cross validation - mean Log Loss Multiclass: 1.000
Elastic Net Classifier w/ Imputer + S... Elapsed: 00:00
	Starting cross validation
	Finished cross validation - mean Log Loss Multiclass: 1.000
Elastic Net Classifier w/ Imputer + S... Elapsed: 00:00
	Starting cross validation
	Finished cross validation - mean Log Loss Multiclass: 1.000
Elastic Net Classifier w/ Imputer + S... Elapsed: 00:00
	Starting cross validation
	Finished cross validation - mean Log Loss Multiclass: 1.000
Elastic Net Classifier w/ Imputer + S... Elapsed: 00:00
	Starting cross validation
	Finished cross validation - mean Log Loss Multiclass: 1.000
Elastic Net Classifier w/ Imputer + S... Elapsed: 00:00
	Starting cross validation
	Finished cross validation - mean Log Loss Multiclass: 1.000
CatBoost Classifier w/ Imputer           Elapsed: 00:00
	Starting cross validation
	Finished cross validation - mean Log Loss Multiclass: 1.000
CatBoost Classifier w/ Imputer           Elapsed: 00:00
	Starting cross validation
	Finished cross validation - mean Log Loss Multiclass: 1.000
CatBoost Classifier w/ Imputer           Elapsed: 00:00
	Starting cross validation
	Finished cross validation - mean Log Loss Multiclass: 1.000
CatBoost Classifier w/ Imputer           Elapsed: 00:00
	Starting cross validation
	Finished cross validation - mean Log Loss Multiclass: 1.000
CatBoost Classifier w/ Imputer           Elapsed: 00:00
	Starting cross validation
	Finished cross validation - mean Log Loss Multiclass: 1.000
XGBoost Classifier w/ Imputer            Elapsed: 00:00
	Starting cross validation
	Finished cross validation - mean Log Loss Multiclass: 1.000
XGBoost Classifier w/ Imputer            Elapsed: 00:00
	Starting cross validation
	Finished cross validation - mean Log Loss Multiclass: 1.000
XGBoost Classifier w/ Imputer            Elapsed: 00:00
	Starting cross validation
	Finished cross validation - mean Log Loss Multiclass: 1.000
XGBoost Classifier w/ Imputer            Elapsed: 00:00
	Starting cross validation
	Finished cross validation - mean Log Loss Multiclass: 1.000
XGBoost Classifier w/ Imputer            Elapsed: 00:00
	Starting cross validation
	Finished cross validation - mean Log Loss Multiclass: 1.000
Random Forest Classifier w/ Imputer      Elapsed: 00:00
	Starting cross validation
	Finished cross validation - mean Log Loss Multiclass: 1.000
Random Forest Classifier w/ Imputer      Elapsed: 00:00
	Starting cross validation
	Finished cross validation - mean Log Loss Multiclass: 1.000
Random Forest Classifier w/ Imputer      Elapsed: 00:00
	Starting cross validation
	Finished cross validation - mean Log Loss Multiclass: 1.000
Random Forest Classifier w/ Imputer      Elapsed: 00:00
	Starting cross validation
	Finished cross validation - mean Log Loss Multiclass: 1.000
Random Forest Classifier w/ Imputer      Elapsed: 00:00
	Starting cross validation
	Finished cross validation - mean Log Loss Multiclass: 1.000
Logistic Regression Classifier w/ Imp... Elapsed: 00:00
	Starting cross validation
	Finished cross validation - mean Log Loss Multiclass: 1.000
Logistic Regression Classifier w/ Imp... Elapsed: 00:00
	Starting cross validation
	Finished cross validation - mean Log Loss Multiclass: 1.000
Logistic Regression Classifier w/ Imp... Elapsed: 00:00
	Starting cross validation
	Finished cross validation - mean Log Loss Multiclass: 1.000
Logistic Regression Classifier w/ Imp... Elapsed: 00:00
	Starting cross validation
	Finished cross validation - mean Log Loss Multiclass: 1.000
Logistic Regression Classifier w/ Imp... Elapsed: 00:00
	Starting cross validation
	Finished cross validation - mean Log Loss Multiclass: 1.000
LightGBM Classifier w/ Imputer           Elapsed: 00:00
	Starting cross validation
	Finished cross validation - mean Log Loss Multiclass: 1.000
LightGBM Classifier w/ Imputer           Elapsed: 00:00
	Starting cross validation
	Finished cross validation - mean Log Loss Multiclass: 1.000
LightGBM Classifier w/ Imputer           Elapsed: 00:00
	Starting cross validation
	Finished cross validation - mean Log Loss Multiclass: 1.000
LightGBM Classifier w/ Imputer           Elapsed: 00:00
	Starting cross validation
	Finished cross validation - mean Log Loss Multiclass: 1.000

Search finished after 00:01            
Best pipeline: Mode Baseline Multiclass Classification Pipeline
Best pipeline Log Loss Multiclass: 1.000000
Generating pipelines to search over...
*****************************
* Beginning pipeline search *
*****************************

Optimizing for Log Loss Multiclass. 
Lower score is better.

Searching up to 5 pipelines. 
Will stop searching for new pipelines after 1 seconds.

Allowed model families: xgboost, extra_trees, lightgbm, random_forest, linear_model, catboost

(1/5) Mode Baseline Multiclass Classificati... Elapsed:00:00
	Starting cross validation
	Finished cross validation - mean Log Loss Multiclass: 1.000
(2/5) LightGBM Classifier w/ Imputer           Elapsed:00:00
	Starting cross validation
	Finished cross validation - mean Log Loss Multiclass: 1.000
(3/5) Extra Trees Classifier w/ Imputer        Elapsed:00:00
	Starting cross validation
	Finished cross validation - mean Log Loss Multiclass: 1.000
(4/5) Elastic Net Classifier w/ Imputer + S... Elapsed:00:00
	Starting cross validation
	Finished cross validation - mean Log Loss Multiclass: 1.000
(5/5) CatBoost Classifier w/ Imputer           Elapsed:00:00
	Starting cross validation
	Finished cross validation - mean Log Loss Multiclass: 1.000

Search finished after 00:00            
Best pipeline: Mode Baseline Multiclass Classification Pipeline
Best pipeline Log Loss Multiclass: 1.000000
Using default limit of max_pipelines=5.

Generating pipelines to search over...
*****************************
* Beginning pipeline search *
*****************************

Optimizing for Log Loss Multiclass. 
Lower score is better.

Searching up to 5 pipelines. 
Allowed model families: xgboost, extra_trees, lightgbm, random_forest, linear_model, catboost

(1/5) Mode Baseline Multiclass Classificati... Elapsed:00:00
	Starting cross validation
	Finished cross validation - mean Log Loss Multiclass: 1.000
(2/5) LightGBM Classifier w/ Imputer           Elapsed:00:00
	Starting cross validation
	Finished cross validation - mean Log Loss Multiclass: 1.000
(3/5) Extra Trees Classifier w/ Imputer        Elapsed:00:00
	Starting cross validation
	Finished cross validation - mean Log Loss Multiclass: 1.000
(4/5) Elastic Net Classifier w/ Imputer + S... Elapsed:00:00
	Starting cross validation
	Finished cross validation - mean Log Loss Multiclass: 1.000
(5/5) CatBoost Classifier w/ Imputer           Elapsed:00:00
	Starting cross validation
	Finished cross validation - mean Log Loss Multiclass: 1.000

Search finished after 00:00            
Best pipeline: Mode Baseline Multiclass Classification Pipeline
Best pipeline Log Loss Multiclass: 1.000000
Generating pipelines to search over...
*****************************
* Beginning pipeline search *
*****************************

Optimizing for Log Loss Multiclass. 
Lower score is better.

Will stop searching for new pipelines after 0 seconds.

Allowed model families: xgboost, extra_trees, lightgbm, random_forest, linear_model, catboost

Mode Baseline Multiclass Classificati... Elapsed: 00:00
	Starting cross validation
	Finished cross validation - mean Log Loss Multiclass: 1.000

Search finished after 00:00            
Best pipeline: Mode Baseline Multiclass Classification Pipeline
Best pipeline Log Loss Multiclass: 1.000000
</system-out></testcase><testcase classname="evalml.tests.automl_tests.test_automl" file="evalml/tests/automl_tests/test_automl.py" line="38" name="test_search_results[Multiclass Classification]" time="4.032"><system-out>Generating pipelines to search over...
*****************************
* Beginning pipeline search *
*****************************

Optimizing for Log Loss Multiclass. 
Lower score is better.

Searching up to 2 pipelines. 
Allowed model families: xgboost, extra_trees, random_forest, catboost, lightgbm, linear_model

(1/2) Mode Baseline Multiclass Classificati... Elapsed:00:00
	Starting cross validation
	Finished cross validation - mean Log Loss Multiclass: 22.451
(2/2) LightGBM Classifier w/ Imputer           Elapsed:00:00
	Starting cross validation
	Finished cross validation - mean Log Loss Multiclass: 0.456

Search finished after 00:02            
Best pipeline: LightGBM Classifier w/ Imputer
Best pipeline Log Loss Multiclass: 0.455546
</system-out></testcase><testcase classname="evalml.tests.automl_tests.test_automl" file="evalml/tests/automl_tests/test_automl.py" line="169" name="test_pipeline_score_raises" time="1.212"><system-out>Generating pipelines to search over...
*****************************
* Beginning pipeline search *
*****************************

Optimizing for Log Loss Binary. 
Lower score is better.

Searching up to 1 pipelines. 
Allowed model families: lightgbm, linear_model, xgboost, random_forest, catboost, extra_trees

(1/1) Mode Baseline Binary Classification P... Elapsed:00:00
	Starting cross validation
			Fold 0: Encountered an error.
			Fold 0: All scores will be replaced with nan.
			Fold 0: Please check /Users/bryan.chen/Documents/featurelabs/evalml/evalml_debug.log for the current hyperparameters and stack trace.
			Fold 1: Encountered an error.
			Fold 1: All scores will be replaced with nan.
			Fold 1: Please check /Users/bryan.chen/Documents/featurelabs/evalml/evalml_debug.log for the current hyperparameters and stack trace.
			Fold 2: Encountered an error.
			Fold 2: All scores will be replaced with nan.
			Fold 2: Please check /Users/bryan.chen/Documents/featurelabs/evalml/evalml_debug.log for the current hyperparameters and stack trace.
	Finished cross validation - mean Log Loss Binary: nan

Search finished after 00:00            
Best pipeline: Mode Baseline Binary Classification Pipeline
Best pipeline Log Loss Binary: nan
</system-out></testcase><testcase classname="evalml.tests.automl_tests.test_automl" file="evalml/tests/automl_tests/test_automl.py" line="87" name="test_pipeline_limits[Regression]" time="3.422"><system-out>Generating pipelines to search over...
*****************************
* Beginning pipeline search *
*****************************

Optimizing for R2. 
Greater score is better.

Searching up to 1 pipelines. 
Allowed model families: linear_model, random_forest, xgboost, catboost, extra_trees

(1/1) Mean Baseline Regression Pipeline        Elapsed:00:00
	Starting cross validation
	Finished cross validation - mean R2: 1.000

Search finished after 00:00            
Best pipeline: Mean Baseline Regression Pipeline
Best pipeline R2: 1.000000
Generating pipelines to search over...
*****************************
* Beginning pipeline search *
*****************************

Optimizing for R2. 
Greater score is better.

Will stop searching for new pipelines after 1 seconds.

Allowed model families: linear_model, random_forest, xgboost, catboost, extra_trees

Mean Baseline Regression Pipeline        Elapsed: 00:00
	Starting cross validation
	Finished cross validation - mean R2: 1.000
Extra Trees Regressor w/ Imputer         Elapsed: 00:00
	Starting cross validation
	Finished cross validation - mean R2: 1.000
XGBoost Regressor w/ Imputer             Elapsed: 00:00
	Starting cross validation
	Finished cross validation - mean R2: 1.000
CatBoost Regressor w/ Imputer            Elapsed: 00:00
	Starting cross validation
	Finished cross validation - mean R2: 1.000
Random Forest Regressor w/ Imputer       Elapsed: 00:00
	Starting cross validation
	Finished cross validation - mean R2: 1.000
Linear Regressor w/ Imputer + Standar... Elapsed: 00:00
	Starting cross validation
	Finished cross validation - mean R2: 1.000
Elastic Net Regressor w/ Imputer + St... Elapsed: 00:00
	Starting cross validation
	Finished cross validation - mean R2: 1.000
Extra Trees Regressor w/ Imputer         Elapsed: 00:00
	Starting cross validation
	Finished cross validation - mean R2: 1.000
Extra Trees Regressor w/ Imputer         Elapsed: 00:00
	Starting cross validation
	Finished cross validation - mean R2: 1.000
Extra Trees Regressor w/ Imputer         Elapsed: 00:00
	Starting cross validation
	Finished cross validation - mean R2: 1.000
Extra Trees Regressor w/ Imputer         Elapsed: 00:00
	Starting cross validation
	Finished cross validation - mean R2: 1.000
Extra Trees Regressor w/ Imputer         Elapsed: 00:00
	Starting cross validation
	Finished cross validation - mean R2: 1.000
XGBoost Regressor w/ Imputer             Elapsed: 00:00
	Starting cross validation
	Finished cross validation - mean R2: 1.000
XGBoost Regressor w/ Imputer             Elapsed: 00:00
	Starting cross validation
	Finished cross validation - mean R2: 1.000
XGBoost Regressor w/ Imputer             Elapsed: 00:00
	Starting cross validation
	Finished cross validation - mean R2: 1.000
XGBoost Regressor w/ Imputer             Elapsed: 00:00
	Starting cross validation
	Finished cross validation - mean R2: 1.000
XGBoost Regressor w/ Imputer             Elapsed: 00:00
	Starting cross validation
	Finished cross validation - mean R2: 1.000
CatBoost Regressor w/ Imputer            Elapsed: 00:00
	Starting cross validation
	Finished cross validation - mean R2: 1.000
CatBoost Regressor w/ Imputer            Elapsed: 00:00
	Starting cross validation
	Finished cross validation - mean R2: 1.000
CatBoost Regressor w/ Imputer            Elapsed: 00:00
	Starting cross validation
	Finished cross validation - mean R2: 1.000
CatBoost Regressor w/ Imputer            Elapsed: 00:00
	Starting cross validation
	Finished cross validation - mean R2: 1.000
CatBoost Regressor w/ Imputer            Elapsed: 00:00
	Starting cross validation
	Finished cross validation - mean R2: 1.000
Random Forest Regressor w/ Imputer       Elapsed: 00:00
	Starting cross validation
	Finished cross validation - mean R2: 1.000
Random Forest Regressor w/ Imputer       Elapsed: 00:00
	Starting cross validation
	Finished cross validation - mean R2: 1.000
Random Forest Regressor w/ Imputer       Elapsed: 00:00
	Starting cross validation
	Finished cross validation - mean R2: 1.000
Random Forest Regressor w/ Imputer       Elapsed: 00:00
	Starting cross validation
	Finished cross validation - mean R2: 1.000
Random Forest Regressor w/ Imputer       Elapsed: 00:00
	Starting cross validation
	Finished cross validation - mean R2: 1.000
Linear Regressor w/ Imputer + Standar... Elapsed: 00:00
	Starting cross validation
	Finished cross validation - mean R2: 1.000
Linear Regressor w/ Imputer + Standar... Elapsed: 00:00
	Starting cross validation
	Finished cross validation - mean R2: 1.000
Linear Regressor w/ Imputer + Standar... Elapsed: 00:00
	Starting cross validation
	Finished cross validation - mean R2: 1.000
Linear Regressor w/ Imputer + Standar... Elapsed: 00:00
	Starting cross validation
	Finished cross validation - mean R2: 1.000
Linear Regressor w/ Imputer + Standar... Elapsed: 00:00
	Starting cross validation
	Finished cross validation - mean R2: 1.000
Elastic Net Regressor w/ Imputer + St... Elapsed: 00:00
	Starting cross validation
	Finished cross validation - mean R2: 1.000
Elastic Net Regressor w/ Imputer + St... Elapsed: 00:00
	Starting cross validation
	Finished cross validation - mean R2: 1.000
Elastic Net Regressor w/ Imputer + St... Elapsed: 00:00
	Starting cross validation
	Finished cross validation - mean R2: 1.000
Elastic Net Regressor w/ Imputer + St... Elapsed: 00:00
	Starting cross validation
	Finished cross validation - mean R2: 1.000
Elastic Net Regressor w/ Imputer + St... Elapsed: 00:00
	Starting cross validation
	Finished cross validation - mean R2: 1.000
Extra Trees Regressor w/ Imputer         Elapsed: 00:00
	Starting cross validation
	Finished cross validation - mean R2: 1.000
Extra Trees Regressor w/ Imputer         Elapsed: 00:00
	Starting cross validation
	Finished cross validation - mean R2: 1.000
Extra Trees Regressor w/ Imputer         Elapsed: 00:00
	Starting cross validation
	Finished cross validation - mean R2: 1.000
Extra Trees Regressor w/ Imputer         Elapsed: 00:00
	Starting cross validation
	Finished cross validation - mean R2: 1.000

Search finished after 00:01            
Best pipeline: Mean Baseline Regression Pipeline
Best pipeline R2: 1.000000
Generating pipelines to search over...
*****************************
* Beginning pipeline search *
*****************************

Optimizing for R2. 
Greater score is better.

Searching up to 5 pipelines. 
Will stop searching for new pipelines after 1 seconds.

Allowed model families: linear_model, random_forest, xgboost, catboost, extra_trees

(1/5) Mean Baseline Regression Pipeline        Elapsed:00:00
	Starting cross validation
	Finished cross validation - mean R2: 1.000
(2/5) Extra Trees Regressor w/ Imputer         Elapsed:00:00
	Starting cross validation
	Finished cross validation - mean R2: 1.000
(3/5) XGBoost Regressor w/ Imputer             Elapsed:00:00
	Starting cross validation
	Finished cross validation - mean R2: 1.000
(4/5) CatBoost Regressor w/ Imputer            Elapsed:00:00
	Starting cross validation
	Finished cross validation - mean R2: 1.000
(5/5) Random Forest Regressor w/ Imputer       Elapsed:00:00
	Starting cross validation
	Finished cross validation - mean R2: 1.000

Search finished after 00:00            
Best pipeline: Mean Baseline Regression Pipeline
Best pipeline R2: 1.000000
Using default limit of max_pipelines=5.

Generating pipelines to search over...
*****************************
* Beginning pipeline search *
*****************************

Optimizing for R2. 
Greater score is better.

Searching up to 5 pipelines. 
Allowed model families: linear_model, random_forest, xgboost, catboost, extra_trees

(1/5) Mean Baseline Regression Pipeline        Elapsed:00:00
	Starting cross validation
	Finished cross validation - mean R2: 1.000
(2/5) Extra Trees Regressor w/ Imputer         Elapsed:00:00
	Starting cross validation
	Finished cross validation - mean R2: 1.000
(3/5) XGBoost Regressor w/ Imputer             Elapsed:00:00
	Starting cross validation
	Finished cross validation - mean R2: 1.000
(4/5) CatBoost Regressor w/ Imputer            Elapsed:00:00
	Starting cross validation
	Finished cross validation - mean R2: 1.000
(5/5) Random Forest Regressor w/ Imputer       Elapsed:00:00
	Starting cross validation
	Finished cross validation - mean R2: 1.000

Search finished after 00:00            
Best pipeline: Mean Baseline Regression Pipeline
Best pipeline R2: 1.000000
Generating pipelines to search over...
*****************************
* Beginning pipeline search *
*****************************

Optimizing for R2. 
Greater score is better.

Will stop searching for new pipelines after 0 seconds.

Allowed model families: linear_model, random_forest, xgboost, catboost, extra_trees

Mean Baseline Regression Pipeline        Elapsed: 00:00
	Starting cross validation
	Finished cross validation - mean R2: 1.000

Search finished after 00:00            
Best pipeline: Mean Baseline Regression Pipeline
Best pipeline R2: 1.000000
</system-out></testcase><testcase classname="evalml.tests.automl_tests.test_automl" file="evalml/tests/automl_tests/test_automl.py" line="341" name="test_automl_data_checks_raises_error[data_checks1]" time="0.004"><system-out>error one
warning one
</system-out></testcase><testcase classname="evalml.tests.automl_tests.test_automl" file="evalml/tests/automl_tests/test_automl.py" line="341" name="test_automl_data_checks_raises_error[data_checks0]" time="0.004"><system-out>error one
warning one
</system-out></testcase><testcase classname="evalml.tests.automl_tests.test_automl" file="evalml/tests/automl_tests/test_automl.py" line="509" name="test_automl_serialization_protocol" time="0.004"></testcase><testcase classname="evalml.tests.automl_tests.test_automl" file="evalml/tests/automl_tests/test_automl.py" line="494" name="test_automl_serialization" time="3.533"><system-out>Generating pipelines to search over...
*****************************
* Beginning pipeline search *
*****************************

Optimizing for Log Loss Binary. 
Lower score is better.

Searching up to 5 pipelines. 
Allowed model families: linear_model, catboost, extra_trees, random_forest, lightgbm, xgboost

(1/5) Mode Baseline Binary Classification P... Elapsed:00:00
	Starting cross validation
	Finished cross validation - mean Log Loss Binary: 17.618
(2/5) LightGBM Classifier w/ Imputer           Elapsed:00:00
	Starting cross validation
	Finished cross validation - mean Log Loss Binary: 0.389
(3/5) Extra Trees Classifier w/ Imputer        Elapsed:00:01
	Starting cross validation
	Finished cross validation - mean Log Loss Binary: 0.437
(4/5) Elastic Net Classifier w/ Imputer + S... Elapsed:00:02
	Starting cross validation
	Finished cross validation - mean Log Loss Binary: 0.612
(5/5) CatBoost Classifier w/ Imputer           Elapsed:00:02
	Starting cross validation
	Finished cross validation - mean Log Loss Binary: 0.535

Search finished after 00:02            
Best pipeline: LightGBM Classifier w/ Imputer
Best pipeline Log Loss Binary: 0.388713
</system-out></testcase><testcase classname="evalml.tests.automl_tests.test_automl" file="evalml/tests/automl_tests/test_automl.py" line="609" name="test_init_objective" time="0.002"><system-out>Using default limit of max_pipelines=5.

Using default limit of max_pipelines=5.

Using default limit of max_pipelines=5.

</system-out></testcase><testcase classname="evalml.tests.automl_tests.test_automl" file="evalml/tests/automl_tests/test_automl.py" line="714" name="test_has_searched" time="0.368"><system-out>Generating pipelines to search over...
*****************************
* Beginning pipeline search *
*****************************

Optimizing for Log Loss Binary. 
Lower score is better.

Searching up to 1 pipelines. 
Allowed model families: lightgbm, linear_model, xgboost, random_forest, catboost, extra_trees

(1/1) Mode Baseline Binary Classification P... Elapsed:00:00
	Starting cross validation
	Finished cross validation - mean Log Loss Binary: 1.000

Search finished after 00:00            
Best pipeline: Mode Baseline Binary Classification Pipeline
Best pipeline Log Loss Binary: 1.000000
</system-out></testcase><testcase classname="evalml.tests.automl_tests.test_automl" file="evalml/tests/automl_tests/test_automl.py" line="824" name="test_targets_data_types_classification[int32-Multiclass Classification]" time="6.882"><system-out>Generating pipelines to search over...
*****************************
* Beginning pipeline search *
*****************************

Optimizing for Log Loss Multiclass. 
Lower score is better.

Searching up to 3 pipelines. 
Allowed model families: lightgbm, linear_model, xgboost, random_forest, catboost, extra_trees

(1/3) Mode Baseline Multiclass Classificati... Elapsed:00:00
	Starting cross validation
	Finished cross validation - mean Log Loss Multiclass: 20.762
(2/3) LightGBM Classifier w/ Imputer           Elapsed:00:00
	Starting cross validation
	Finished cross validation - mean Log Loss Multiclass: 0.181
(3/3) Extra Trees Classifier w/ Imputer        Elapsed:00:05
	Starting cross validation
	Finished cross validation - mean Log Loss Multiclass: 0.252

Search finished after 00:06            
Best pipeline: LightGBM Classifier w/ Imputer
Best pipeline Log Loss Multiclass: 0.180901
</system-out></testcase><testcase classname="evalml.tests.automl_tests.test_automl" file="evalml/tests/automl_tests/test_automl.py" line="188" name="test_objective_score_raises" time="0.427"><system-out>Generating pipelines to search over...
*****************************
* Beginning pipeline search *
*****************************

Optimizing for Log Loss Binary. 
Lower score is better.

Searching up to 1 pipelines. 
Allowed model families: lightgbm, random_forest, catboost, linear_model, extra_trees, xgboost

(1/1) Mode Baseline Binary Classification P... Elapsed:00:00
	Starting cross validation
			Fold 0: Encountered an error scoring the following objectives: AUC.
			Fold 0: The scores for these objectives will be replaced with nan.
			Fold 0: Please check /Users/bryan.chen/Documents/featurelabs/evalml/evalml_debug.log for the current hyperparameters and stack trace.
			Fold 1: Encountered an error scoring the following objectives: AUC.
			Fold 1: The scores for these objectives will be replaced with nan.
			Fold 1: Please check /Users/bryan.chen/Documents/featurelabs/evalml/evalml_debug.log for the current hyperparameters and stack trace.
			Fold 2: Encountered an error scoring the following objectives: AUC.
			Fold 2: The scores for these objectives will be replaced with nan.
			Fold 2: Please check /Users/bryan.chen/Documents/featurelabs/evalml/evalml_debug.log for the current hyperparameters and stack trace.
	Finished cross validation - mean Log Loss Binary: 17.618

Search finished after 00:00            
Best pipeline: Mode Baseline Binary Classification Pipeline
Best pipeline Log Loss Binary: 17.618402
</system-out></testcase><testcase classname="evalml.tests.automl_tests.test_automl" file="evalml/tests/automl_tests/test_automl.py" line="208" name="test_rankings" time="13.978"><system-out>Generating pipelines to search over...
*****************************
* Beginning pipeline search *
*****************************

Optimizing for Log Loss Binary. 
Lower score is better.

Searching up to 3 pipelines. 
Allowed model families: random_forest

(1/3) Mode Baseline Binary Classification P... Elapsed:00:00
	Starting cross validation
	Finished cross validation - mean Log Loss Binary: 17.618
(2/3) Random Forest Classifier w/ Imputer      Elapsed:00:00
	Starting cross validation
	Finished cross validation - mean Log Loss Binary: 0.386
(3/3) Random Forest Classifier w/ Imputer      Elapsed:00:01
	Starting cross validation
	Finished cross validation - mean Log Loss Binary: 0.393

Search finished after 00:07            
Best pipeline: Random Forest Classifier w/ Imputer
Best pipeline Log Loss Binary: 0.385626
Generating pipelines to search over...
*****************************
* Beginning pipeline search *
*****************************

Optimizing for R2. 
Greater score is better.

Searching up to 3 pipelines. 
Allowed model families: random_forest

(1/3) Mean Baseline Regression Pipeline        Elapsed:00:00
	Starting cross validation
	Finished cross validation - mean R2: -0.015
(2/3) Random Forest Regressor w/ Imputer       Elapsed:00:00
	Starting cross validation
	Finished cross validation - mean R2: 0.844
(3/3) Random Forest Regressor w/ Imputer       Elapsed:00:00
	Starting cross validation
	Finished cross validation - mean R2: 0.838

Search finished after 00:06            
Best pipeline: Random Forest Regressor w/ Imputer
Best pipeline R2: 0.843810
</system-out></testcase><testcase classname="evalml.tests.automl_tests.test_automl" file="evalml/tests/automl_tests/test_automl.py" line="361" name="test_automl_bad_data_check_parameter_type" time="0.006"></testcase><testcase classname="evalml.tests.automl_tests.test_automl" file="evalml/tests/automl_tests/test_automl.py" line="524" name="test_invalid_data_splitter" time="0.002"></testcase><testcase classname="evalml.tests.automl_tests.test_automl" file="evalml/tests/automl_tests/test_automl.py" line="616" name="test_checks_at_search_time" time="0.005"><system-out>Using default limit of max_pipelines=5.

</system-out></testcase><testcase classname="evalml.tests.automl_tests.test_automl" file="evalml/tests/automl_tests/test_automl.py" line="727" name="test_no_search" time="0.013"><system-out>Using default limit of max_pipelines=5.

</system-out></testcase><testcase classname="evalml.tests.automl_tests.test_automl" file="evalml/tests/automl_tests/test_automl.py" line="824" name="test_targets_data_types_classification[int64-Binary Classification]" time="8.420"><system-out>Generating pipelines to search over...
*****************************
* Beginning pipeline search *
*****************************

Optimizing for Log Loss Binary. 
Lower score is better.

Searching up to 3 pipelines. 
Allowed model families: lightgbm, random_forest, catboost, linear_model, extra_trees, xgboost

(1/3) Mode Baseline Binary Classification P... Elapsed:00:00
	Starting cross validation
	Finished cross validation - mean Log Loss Binary: 12.869
(2/3) LightGBM Classifier w/ Imputer           Elapsed:00:00
	Starting cross validation
	Finished cross validation - mean Log Loss Binary: 0.122
(3/3) Extra Trees Classifier w/ Imputer        Elapsed:00:07
	Starting cross validation
	Finished cross validation - mean Log Loss Binary: 0.146

Search finished after 00:08            
Best pipeline: LightGBM Classifier w/ Imputer
Best pipeline Log Loss Binary: 0.122186
</system-out></testcase><testcase classname="evalml.tests.automl_tests.test_automl" file="evalml/tests/automl_tests/test_automl.py" line="319" name="test_automl_default_data_checks" time="0.328"><system-out>default data check warning
Generating pipelines to search over...
*****************************
* Beginning pipeline search *
*****************************

Optimizing for Log Loss Binary. 
Lower score is better.

Searching up to 1 pipelines. 
Allowed model families: linear_model, random_forest, catboost, xgboost, lightgbm, extra_trees

(1/1) Mode Baseline Binary Classification P... Elapsed:00:00
	Starting cross validation
	Finished cross validation - mean Log Loss Binary: 1.000

Search finished after 00:00            
Best pipeline: Mode Baseline Binary Classification Pipeline
Best pipeline Log Loss Binary: 1.000000
</system-out></testcase><testcase classname="evalml.tests.automl_tests.test_automl" file="evalml/tests/automl_tests/test_automl.py" line="296" name="test_automl_empty_data_checks" time="0.732"><system-out>Generating pipelines to search over...
*****************************
* Beginning pipeline search *
*****************************

Optimizing for Log Loss Binary. 
Lower score is better.

Searching up to 1 pipelines. 
Allowed model families: xgboost, extra_trees, lightgbm, random_forest, linear_model, catboost

(1/1) Mode Baseline Binary Classification P... Elapsed:00:00
	Starting cross validation
	Finished cross validation - mean Log Loss Binary: 1.000

Search finished after 00:00            
Best pipeline: Mode Baseline Binary Classification Pipeline
Best pipeline Log Loss Binary: 1.000000
*****************************
* Beginning pipeline search *
*****************************

Optimizing for Log Loss Binary. 
Lower score is better.

Searching up to 1 pipelines. 
Allowed model families: xgboost, extra_trees, lightgbm, random_forest, linear_model, catboost

(2/1) Mode Baseline Binary Classification P... Elapsed:00:00
	Starting cross validation
	Finished cross validation - mean Log Loss Binary: 1.000

Search finished after 00:00            
Best pipeline: Mode Baseline Binary Classification Pipeline
Best pipeline Log Loss Binary: 1.000000
*****************************
* Beginning pipeline search *
*****************************

Optimizing for Log Loss Binary. 
Lower score is better.

Searching up to 1 pipelines. 
Allowed model families: xgboost, extra_trees, lightgbm, random_forest, linear_model, catboost

(3/1) Mode Baseline Binary Classification P... Elapsed:00:00
	Starting cross validation
	Finished cross validation - mean Log Loss Binary: 1.000

Search finished after 00:00            
Best pipeline: Mode Baseline Binary Classification Pipeline
Best pipeline Log Loss Binary: 1.000000
</system-out></testcase><testcase classname="evalml.tests.automl_tests.test_automl" file="evalml/tests/automl_tests/test_automl.py" line="291" name="test_automl_data_check_results_is_none_before_search" time="0.001"></testcase><testcase classname="evalml.tests.automl_tests.test_automl" file="evalml/tests/automl_tests/test_automl.py" line="438" name="test_automl_tuner_exception" time="5.919"><system-out>Generating pipelines to search over...
*****************************
* Beginning pipeline search *
*****************************

Optimizing for R2. 
Greater score is better.

Searching up to 10 pipelines. 
Allowed model families: linear_model, catboost, extra_trees, random_forest, xgboost

(1/10) Mean Baseline Regression Pipeline        Elapsed:00:00
	Starting cross validation
	Finished cross validation - mean R2: -0.018
(2/10) Extra Trees Regressor w/ Imputer         Elapsed:00:00
	Starting cross validation
	Finished cross validation - mean R2: 0.632
(3/10) XGBoost Regressor w/ Imputer             Elapsed:00:00
	Starting cross validation
	Finished cross validation - mean R2: 0.541
(4/10) CatBoost Regressor w/ Imputer            Elapsed:00:04
	Starting cross validation
	Finished cross validation - mean R2: 0.144
(5/10) Random Forest Regressor w/ Imputer       Elapsed:00:04
	Starting cross validation
	Finished cross validation - mean R2: 0.660
(6/10) Linear Regressor w/ Imputer + Standar... Elapsed:00:05
	Starting cross validation
	Finished cross validation - mean R2: 0.283
(7/10) Elastic Net Regressor w/ Imputer + St... Elapsed:00:05
	Starting cross validation
	Finished cross validation - mean R2: 0.233
</system-out></testcase><testcase classname="evalml.tests.automl_tests.test_automl" file="evalml/tests/automl_tests/test_automl.py" line="469" name="test_automl_allowed_pipelines_algorithm" time="0.110"><system-out>Generating pipelines to search over...
</system-out></testcase><testcase classname="evalml.tests.automl_tests.test_automl" file="evalml/tests/automl_tests/test_automl.py" line="223" name="test_automl_str_search" time="0.412"><system-out>Generating pipelines to search over...
*****************************
* Beginning pipeline search *
*****************************

Optimizing for F1. 
Greater score is better.

Searching up to 5 pipelines. 
Will stop searching for new pipelines after 100 seconds.

Allowed model families: random_forest, linear_model

(1/5) Mode Baseline Binary Classification P... Elapsed:00:00
	Starting cross validation
	Finished cross validation - mean F1: 1.000
(2/5) Elastic Net Classifier w/ Imputer + S... Elapsed:00:00
	Starting cross validation
	Finished cross validation - mean F1: 1.000
(3/5) Random Forest Classifier w/ Imputer      Elapsed:00:00
	Starting cross validation
	Finished cross validation - mean F1: 1.000


2 iterations without improvement. Stopping search early...

Search finished after 00:00            
Best pipeline: Mode Baseline Binary Classification Pipeline
Best pipeline F1: 1.000000
</system-out></testcase><testcase classname="evalml.tests.automl_tests.test_automl" file="evalml/tests/automl_tests/test_automl.py" line="596" name="test_main_objective_problem_type_mismatch" time="0.001"></testcase><testcase classname="evalml.tests.automl_tests.test_automl" file="evalml/tests/automl_tests/test_automl.py" line="675" name="test_add_to_rankings_duplicate" time="0.209"><system-out>*****************************
* Beginning pipeline search *
*****************************

Optimizing for Log Loss Binary. 
Lower score is better.

Searching up to 1 pipelines. 
Allowed model families: none

(1/1) Mode Baseline Binary Classification P... Elapsed:00:00
	Starting cross validation
	Finished cross validation - mean Log Loss Binary: 0.123

Search finished after 00:00            
Best pipeline: Mode Baseline Binary Classification Pipeline
Best pipeline Log Loss Binary: 0.123400
	Starting cross validation
	Finished cross validation - mean Log Loss Binary: 0.123
</system-out></testcase><testcase classname="evalml.tests.automl_tests.test_automl" file="evalml/tests/automl_tests/test_automl.py" line="824" name="test_targets_data_types_classification[int16-Multiclass Classification]" time="8.511"><system-out>Generating pipelines to search over...
*****************************
* Beginning pipeline search *
*****************************

Optimizing for Log Loss Multiclass. 
Lower score is better.

Searching up to 3 pipelines. 
Allowed model families: linear_model, random_forest, catboost, xgboost, lightgbm, extra_trees

(1/3) Mode Baseline Multiclass Classificati... Elapsed:00:00
	Starting cross validation
	Finished cross validation - mean Log Loss Multiclass: 20.762
(2/3) LightGBM Classifier w/ Imputer           Elapsed:00:00
	Starting cross validation
	Finished cross validation - mean Log Loss Multiclass: 0.181
(3/3) Extra Trees Classifier w/ Imputer        Elapsed:00:07
	Starting cross validation
	Finished cross validation - mean Log Loss Multiclass: 0.252

Search finished after 00:08            
Best pipeline: LightGBM Classifier w/ Imputer
Best pipeline Log Loss Multiclass: 0.180901
</system-out></testcase><testcase classname="evalml.tests.automl_tests.test_automl" file="evalml/tests/automl_tests/test_automl.py" line="415" name="test_automl_feature_selection" time="0.381"><system-out>*****************************
* Beginning pipeline search *
*****************************

Optimizing for Log Loss Binary. 
Lower score is better.

Searching up to 2 pipelines. 
Allowed model families: linear_model

(1/2) Mode Baseline Binary Classification P... Elapsed:00:00
	Starting cross validation
	Finished cross validation - mean Log Loss Binary: 1.000
(2/2) Mock Feature Selection Pipeline          Elapsed:00:00
	Starting cross validation
	Finished cross validation - mean Log Loss Binary: 1.000

Search finished after 00:00            
Best pipeline: Mode Baseline Binary Classification Pipeline
Best pipeline Log Loss Binary: 1.000000
</system-out></testcase><testcase classname="evalml.tests.automl_tests.test_automl" file="evalml/tests/automl_tests/test_automl.py" line="451" name="test_automl_algorithm" time="0.364"><system-out>Generating pipelines to search over...
*****************************
* Beginning pipeline search *
*****************************

Optimizing for Log Loss Binary. 
Lower score is better.

Searching up to 5 pipelines. 
Allowed model families: xgboost, extra_trees, lightgbm, random_forest, linear_model, catboost

(1/5) Mode Baseline Binary Classification P... Elapsed:00:00
	Starting cross validation
	Finished cross validation - mean Log Loss Binary: 1.000
AutoML Algorithm out of recommendations, ending

Search finished after 00:00            
Best pipeline: Mode Baseline Binary Classification Pipeline
Best pipeline Log Loss Binary: 1.000000
</system-out></testcase><testcase classname="evalml.tests.automl_tests.test_automl" file="evalml/tests/automl_tests/test_automl.py" line="601" name="test_init_problem_type_error" time="0.002"></testcase><testcase classname="evalml.tests.automl_tests.test_automl" file="evalml/tests/automl_tests/test_automl.py" line="691" name="test_add_to_rankings_trained" time="0.228"><system-out>*****************************
* Beginning pipeline search *
*****************************

Optimizing for Log Loss Binary. 
Lower score is better.

Searching up to 1 pipelines. 
Allowed model families: none

(1/1) Mode Baseline Binary Classification P... Elapsed:00:00
	Starting cross validation
	Finished cross validation - mean Log Loss Binary: 1.000

Search finished after 00:00            
Best pipeline: Mode Baseline Binary Classification Pipeline
Best pipeline Log Loss Binary: 1.000000
	Starting cross validation
	Finished cross validation - mean Log Loss Binary: 0.123
	Starting cross validation
	Finished cross validation - mean Log Loss Binary: 0.123
</system-out></testcase><testcase classname="evalml.tests.automl_tests.test_automl" file="evalml/tests/automl_tests/test_automl.py" line="554" name="test_large_dataset_multiclass" time="0.460"><system-out>Generating pipelines to search over...
*****************************
* Beginning pipeline search *
*****************************

Optimizing for Log Loss Multiclass. 
Lower score is better.

Searching up to 1 pipelines. 
Will stop searching for new pipelines after 1 seconds.

Allowed model families: xgboost, extra_trees, random_forest, catboost, lightgbm, linear_model

(1/1) Mode Baseline Multiclass Classificati... Elapsed:00:00
	Starting cross validation
	Finished cross validation - mean Log Loss Multiclass: 1.234

Search finished after 00:00            
Best pipeline: Mode Baseline Multiclass Classification Pipeline
Best pipeline Log Loss Multiclass: 1.234000
</system-out></testcase><testcase classname="evalml.tests.automl_tests.test_automl" file="evalml/tests/automl_tests/test_automl.py" line="588" name="test_allowed_pipelines_with_incorrect_problem_type" time="0.004"><system-out>Using default limit of max_pipelines=5.

Using default limit of max_pipelines=5.

</system-out></testcase><testcase classname="evalml.tests.automl_tests.test_automl" file="evalml/tests/automl_tests/test_automl.py" line="663" name="test_add_to_rankings_no_search" time="0.005"></testcase><testcase classname="evalml.tests.automl_tests.test_automl" file="evalml/tests/automl_tests/test_automl.py" line="824" name="test_targets_data_types_classification[int16-Binary Classification]" time="9.887"><system-out>Generating pipelines to search over...
*****************************
* Beginning pipeline search *
*****************************

Optimizing for Log Loss Binary. 
Lower score is better.

Searching up to 3 pipelines. 
Allowed model families: xgboost, extra_trees, lightgbm, random_forest, linear_model, catboost

(1/3) Mode Baseline Binary Classification P... Elapsed:00:00
	Starting cross validation
	Finished cross validation - mean Log Loss Binary: 12.869
(2/3) LightGBM Classifier w/ Imputer           Elapsed:00:00
	Starting cross validation
	Finished cross validation - mean Log Loss Binary: 0.122
(3/3) Extra Trees Classifier w/ Imputer        Elapsed:00:08
	Starting cross validation
	Finished cross validation - mean Log Loss Binary: 0.146

Search finished after 00:09            
Best pipeline: LightGBM Classifier w/ Imputer
Best pipeline Log Loss Binary: 0.122186
</system-out></testcase><testcase classname="evalml.tests.automl_tests.test_automl" file="evalml/tests/automl_tests/test_automl.py" line="824" name="test_targets_data_types_classification[int32-Binary Classification]" time="9.687"><system-out>Generating pipelines to search over...
*****************************
* Beginning pipeline search *
*****************************

Optimizing for Log Loss Binary. 
Lower score is better.

Searching up to 3 pipelines. 
Allowed model families: linear_model, catboost, extra_trees, random_forest, lightgbm, xgboost

(1/3) Mode Baseline Binary Classification P... Elapsed:00:00
	Starting cross validation
	Finished cross validation - mean Log Loss Binary: 12.869
(2/3) LightGBM Classifier w/ Imputer           Elapsed:00:00
	Starting cross validation
	Finished cross validation - mean Log Loss Binary: 0.122
(3/3) Extra Trees Classifier w/ Imputer        Elapsed:00:08
	Starting cross validation
	Finished cross validation - mean Log Loss Binary: 0.146

Search finished after 00:09            
Best pipeline: LightGBM Classifier w/ Imputer
Best pipeline Log Loss Binary: 0.122186
</system-out></testcase><testcase classname="evalml.tests.automl_tests.test_automl" file="evalml/tests/automl_tests/test_automl.py" line="633" name="test_default_objective" time="0.004"><system-out>Using default limit of max_pipelines=5.

Using default limit of max_pipelines=5.

Using default limit of max_pipelines=5.

Using default limit of max_pipelines=5.

Using default limit of max_pipelines=5.

Using default limit of max_pipelines=5.

</system-out></testcase><testcase classname="evalml.tests.automl_tests.test_automl" file="evalml/tests/automl_tests/test_automl.py" line="774" name="test_describe_pipeline" time="0.386"><system-out>Generating pipelines to search over...
*****************************
* Beginning pipeline search *
*****************************

Optimizing for Log Loss Binary. 
Lower score is better.

Searching up to 1 pipelines. 
Allowed model families: xgboost, extra_trees, random_forest, catboost, lightgbm, linear_model

(1/1) Mode Baseline Binary Classification P... Elapsed:00:00
	Starting cross validation
	Finished cross validation - mean Log Loss Binary: 1.000

Search finished after 00:00            
Best pipeline: Mode Baseline Binary Classification Pipeline
Best pipeline Log Loss Binary: 1.000000
************************************************
* Mode Baseline Binary Classification Pipeline *
************************************************

Problem Type: Binary Classification
Model Family: Baseline

Pipeline Steps
==============
1. Baseline Classifier
	 * strategy : mode

Training
========
Training for Binary Classification problems.
Total training time (including CV): 0.0 seconds

Cross Validation
----------------
             Log Loss Binary # Training # Testing
0                      1.000     66.000    34.000
1                      1.000     67.000    33.000
2                      1.000     67.000    33.000
mean                   1.000          -         -
std                    0.000          -         -
coef of var            0.000          -         -
</system-out></testcase><testcase classname="evalml.tests.automl_tests.test_automl" file="evalml/tests/automl_tests/test_automl.py" line="824" name="test_targets_data_types_classification[float16-Binary Classification]" time="9.812"><system-out>Generating pipelines to search over...
*****************************
* Beginning pipeline search *
*****************************

Optimizing for Log Loss Binary. 
Lower score is better.

Searching up to 3 pipelines. 
Allowed model families: xgboost, extra_trees, random_forest, catboost, lightgbm, linear_model

(1/3) Mode Baseline Binary Classification P... Elapsed:00:00
	Starting cross validation
	Finished cross validation - mean Log Loss Binary: 12.869
(2/3) LightGBM Classifier w/ Imputer           Elapsed:00:00
	Starting cross validation
	Finished cross validation - mean Log Loss Binary: 0.122
(3/3) Extra Trees Classifier w/ Imputer        Elapsed:00:08
	Starting cross validation
	Finished cross validation - mean Log Loss Binary: 0.146

Search finished after 00:09            
Best pipeline: LightGBM Classifier w/ Imputer
Best pipeline Log Loss Binary: 0.122186
</system-out></testcase><testcase classname="evalml.tests.automl_tests.test_automl" file="evalml/tests/automl_tests/test_automl.py" line="824" name="test_targets_data_types_classification[float64-Multiclass Classification]" time="8.824"><system-out>Generating pipelines to search over...
*****************************
* Beginning pipeline search *
*****************************

Optimizing for Log Loss Multiclass. 
Lower score is better.

Searching up to 3 pipelines. 
Allowed model families: lightgbm, linear_model, xgboost, random_forest, catboost, extra_trees

(1/3) Mode Baseline Multiclass Classificati... Elapsed:00:00
	Starting cross validation
	Finished cross validation - mean Log Loss Multiclass: 20.762
(2/3) LightGBM Classifier w/ Imputer           Elapsed:00:00
	Starting cross validation
	Finished cross validation - mean Log Loss Multiclass: 0.181
(3/3) Extra Trees Classifier w/ Imputer        Elapsed:00:07
	Starting cross validation
	Finished cross validation - mean Log Loss Multiclass: 0.252

Search finished after 00:08            
Best pipeline: LightGBM Classifier w/ Imputer
Best pipeline Log Loss Multiclass: 0.180901
</system-out></testcase><testcase classname="evalml.tests.automl_tests.test_automl" file="evalml/tests/automl_tests/test_automl.py" line="571" name="test_large_dataset_regression" time="0.438"><system-out>Column &apos;col_0&apos; is 95.0% or more correlated with the target
Generating pipelines to search over...
*****************************
* Beginning pipeline search *
*****************************

Optimizing for R2. 
Greater score is better.

Searching up to 1 pipelines. 
Will stop searching for new pipelines after 1 seconds.

Allowed model families: linear_model, catboost, extra_trees, random_forest, xgboost

(1/1) Mean Baseline Regression Pipeline        Elapsed:00:00
	Starting cross validation
	Finished cross validation - mean R2: 1.234

Search finished after 00:00            
Best pipeline: Mean Baseline Regression Pipeline
Best pipeline R2: 1.234000
</system-out></testcase><testcase classname="evalml.tests.automl_tests.test_automl" file="evalml/tests/automl_tests/test_automl.py" line="645" name="test_add_to_rankings" time="0.212"><system-out>*****************************
* Beginning pipeline search *
*****************************

Optimizing for Log Loss Binary. 
Lower score is better.

Searching up to 1 pipelines. 
Allowed model families: none

(1/1) Mode Baseline Binary Classification P... Elapsed:00:00
	Starting cross validation
	Finished cross validation - mean Log Loss Binary: 1.000

Search finished after 00:00            
Best pipeline: Mode Baseline Binary Classification Pipeline
Best pipeline Log Loss Binary: 1.000000
	Starting cross validation
	Finished cross validation - mean Log Loss Binary: 0.123
</system-out></testcase><testcase classname="evalml.tests.automl_tests.test_automl" file="evalml/tests/automl_tests/test_automl.py" line="804" name="test_results_getter" time="0.342"><system-out>Generating pipelines to search over...
*****************************
* Beginning pipeline search *
*****************************

Optimizing for Log Loss Binary. 
Lower score is better.

Searching up to 1 pipelines. 
Allowed model families: catboost, linear_model, extra_trees, random_forest, xgboost, lightgbm

(1/1) Mode Baseline Binary Classification P... Elapsed:00:00
	Starting cross validation
	Finished cross validation - mean Log Loss Binary: 1.000

Search finished after 00:00            
Best pipeline: Mode Baseline Binary Classification Pipeline
Best pipeline Log Loss Binary: 1.000000
</system-out></testcase><testcase classname="evalml.tests.automl_tests.test_automl" file="evalml/tests/automl_tests/test_automl.py" line="824" name="test_targets_data_types_classification[float16-Multiclass Classification]" time="8.989"><system-out>Generating pipelines to search over...
*****************************
* Beginning pipeline search *
*****************************

Optimizing for Log Loss Multiclass. 
Lower score is better.

Searching up to 3 pipelines. 
Allowed model families: catboost, linear_model, extra_trees, random_forest, xgboost, lightgbm

(1/3) Mode Baseline Multiclass Classificati... Elapsed:00:00
	Starting cross validation
	Finished cross validation - mean Log Loss Multiclass: 20.762
(2/3) LightGBM Classifier w/ Imputer           Elapsed:00:00
	Starting cross validation
	Finished cross validation - mean Log Loss Multiclass: 0.181
(3/3) Extra Trees Classifier w/ Imputer        Elapsed:00:07
	Starting cross validation
	Finished cross validation - mean Log Loss Multiclass: 0.252

Search finished after 00:08            
Best pipeline: LightGBM Classifier w/ Imputer
Best pipeline Log Loss Multiclass: 0.180901
</system-out></testcase><testcase classname="evalml.tests.automl_tests.test_automl" file="evalml/tests/automl_tests/test_automl.py" line="824" name="test_targets_data_types_classification[bool-Binary Classification]" time="10.040"><system-out>Generating pipelines to search over...
*****************************
* Beginning pipeline search *
*****************************

Optimizing for Log Loss Binary. 
Lower score is better.

Searching up to 3 pipelines. 
Allowed model families: lightgbm, random_forest, catboost, linear_model, extra_trees, xgboost

(1/3) Mode Baseline Binary Classification P... Elapsed:00:00
	Starting cross validation
	Finished cross validation - mean Log Loss Binary: 12.869
(2/3) LightGBM Classifier w/ Imputer           Elapsed:00:00
	Starting cross validation
	Finished cross validation - mean Log Loss Binary: 0.122
(3/3) Extra Trees Classifier w/ Imputer        Elapsed:00:08
	Starting cross validation
	Finished cross validation - mean Log Loss Binary: 0.146

Search finished after 00:09            
Best pipeline: LightGBM Classifier w/ Imputer
Best pipeline Log Loss Binary: 0.122186
</system-out></testcase><testcase classname="evalml.tests.automl_tests.test_automl" file="evalml/tests/automl_tests/test_automl.py" line="824" name="test_targets_data_types_classification[float32-Multiclass Classification]" time="8.892"><system-out>Generating pipelines to search over...
*****************************
* Beginning pipeline search *
*****************************

Optimizing for Log Loss Multiclass. 
Lower score is better.

Searching up to 3 pipelines. 
Allowed model families: linear_model, random_forest, catboost, xgboost, lightgbm, extra_trees

(1/3) Mode Baseline Multiclass Classificati... Elapsed:00:00
	Starting cross validation
	Finished cross validation - mean Log Loss Multiclass: 20.762
(2/3) LightGBM Classifier w/ Imputer           Elapsed:00:00
	Starting cross validation
	Finished cross validation - mean Log Loss Multiclass: 0.181
(3/3) Extra Trees Classifier w/ Imputer        Elapsed:00:07
	Starting cross validation
	Finished cross validation - mean Log Loss Multiclass: 0.252

Search finished after 00:08            
Best pipeline: LightGBM Classifier w/ Imputer
Best pipeline Log Loss Multiclass: 0.180901
</system-out></testcase><testcase classname="evalml.tests.automl_tests.test_automl" file="evalml/tests/automl_tests/test_automl.py" line="824" name="test_targets_data_types_classification[float64-Binary Classification]" time="9.838"><system-out>Generating pipelines to search over...
*****************************
* Beginning pipeline search *
*****************************

Optimizing for Log Loss Binary. 
Lower score is better.

Searching up to 3 pipelines. 
Allowed model families: linear_model, catboost, extra_trees, random_forest, lightgbm, xgboost

(1/3) Mode Baseline Binary Classification P... Elapsed:00:00
	Starting cross validation
	Finished cross validation - mean Log Loss Binary: 12.869
(2/3) LightGBM Classifier w/ Imputer           Elapsed:00:00
	Starting cross validation
	Finished cross validation - mean Log Loss Binary: 0.122
(3/3) Extra Trees Classifier w/ Imputer        Elapsed:00:08
	Starting cross validation
	Finished cross validation - mean Log Loss Binary: 0.146

Search finished after 00:09            
Best pipeline: LightGBM Classifier w/ Imputer
Best pipeline Log Loss Binary: 0.122186
</system-out></testcase><testcase classname="evalml.tests.automl_tests.test_automl" file="evalml/tests/automl_tests/test_automl.py" line="824" name="test_targets_data_types_classification[float32-Binary Classification]" time="9.872"><system-out>Generating pipelines to search over...
*****************************
* Beginning pipeline search *
*****************************

Optimizing for Log Loss Binary. 
Lower score is better.

Searching up to 3 pipelines. 
Allowed model families: xgboost, extra_trees, lightgbm, random_forest, linear_model, catboost

(1/3) Mode Baseline Binary Classification P... Elapsed:00:00
	Starting cross validation
	Finished cross validation - mean Log Loss Binary: 12.869
(2/3) LightGBM Classifier w/ Imputer           Elapsed:00:00
	Starting cross validation
	Finished cross validation - mean Log Loss Binary: 0.122
(3/3) Extra Trees Classifier w/ Imputer        Elapsed:00:08
	Starting cross validation
	Finished cross validation - mean Log Loss Binary: 0.146

Search finished after 00:09            
Best pipeline: LightGBM Classifier w/ Imputer
Best pipeline Log Loss Binary: 0.122186
</system-out></testcase><testcase classname="evalml.tests.automl_tests.test_automl" file="evalml/tests/automl_tests/test_automl.py" line="824" name="test_targets_data_types_classification[object-Binary Classification]" time="9.749"><system-out>Generating pipelines to search over...
*****************************
* Beginning pipeline search *
*****************************

Optimizing for Log Loss Binary. 
Lower score is better.

Searching up to 3 pipelines. 
Allowed model families: xgboost, extra_trees, random_forest, catboost, lightgbm, linear_model

(1/3) Mode Baseline Binary Classification P... Elapsed:00:00
	Starting cross validation
	Finished cross validation - mean Log Loss Binary: 12.868
(2/3) LightGBM Classifier w/ Imputer           Elapsed:00:00
	Starting cross validation
	Finished cross validation - mean Log Loss Binary: 0.122
(3/3) Extra Trees Classifier w/ Imputer        Elapsed:00:08
	Starting cross validation
	Finished cross validation - mean Log Loss Binary: 0.146

Search finished after 00:09            
Best pipeline: LightGBM Classifier w/ Imputer
Best pipeline Log Loss Binary: 0.122186
</system-out></testcase><testcase classname="evalml.tests.automl_tests.test_automl" file="evalml/tests/automl_tests/test_automl.py" line="378" name="test_automl_str_no_param_search" time="0.005"><system-out>Using default limit of max_pipelines=5.

</system-out></testcase><testcase classname="evalml.tests.automl_tests.test_automl" file="evalml/tests/automl_tests/test_automl.py" line="530" name="test_large_dataset_binary" time="0.619"><system-out>Generating pipelines to search over...
*****************************
* Beginning pipeline search *
*****************************

Optimizing for Fraud Cost. 
Lower score is better.

Searching up to 1 pipelines. 
Will stop searching for new pipelines after 1 seconds.

Allowed model families: catboost, lightgbm, extra_trees, xgboost, random_forest, linear_model

(1/1) Mode Baseline Binary Classification P... Elapsed:00:00
	Starting cross validation
	Finished cross validation - mean Fraud Cost: 1.234

Search finished after 00:00            
Best pipeline: Mode Baseline Binary Classification Pipeline
Best pipeline Fraud Cost: 1.234000
</system-out></testcase><testcase classname="evalml.tests.automl_tests.test_automl" file="evalml/tests/automl_tests/test_automl.py" line="628" name="test_incompatible_additional_objectives" time="0.003"><system-out>Using default limit of max_pipelines=5.

</system-out></testcase><testcase classname="evalml.tests.automl_tests.test_automl" file="evalml/tests/automl_tests/test_automl.py" line="749" name="test_get_pipeline_invalid" time="0.744"><system-out>Using default limit of max_pipelines=5.

Generating pipelines to search over...
*****************************
* Beginning pipeline search *
*****************************

Optimizing for Log Loss Binary. 
Lower score is better.

Searching up to 1 pipelines. 
Allowed model families: catboost, lightgbm, extra_trees, xgboost, random_forest, linear_model

(1/1) Mode Baseline Binary Classification P... Elapsed:00:00
	Starting cross validation
	Finished cross validation - mean Log Loss Binary: 1.000

Search finished after 00:00            
Best pipeline: Mode Baseline Binary Classification Pipeline
Best pipeline Log Loss Binary: 1.000000
Generating pipelines to search over...
*****************************
* Beginning pipeline search *
*****************************

Optimizing for Log Loss Binary. 
Lower score is better.

Searching up to 1 pipelines. 
Allowed model families: catboost, lightgbm, extra_trees, xgboost, random_forest, linear_model

(1/1) Mode Baseline Binary Classification P... Elapsed:00:00
	Starting cross validation
	Finished cross validation - mean Log Loss Binary: 1.000

Search finished after 00:00            
Best pipeline: Mode Baseline Binary Classification Pipeline
Best pipeline Log Loss Binary: 1.000000
[...]
Best pipeline Log Loss Multiclass: 1.000000
Using default limit of max_pipelines=5.

Generating pipelines to search over...
*****************************
* Beginning pipeline search *
*****************************

Optimizing for Log Loss Multiclass. 
Lower score is better.

Searching up to 5 pipelines. 
Allowed model families: random_forest

(1/5) Mode Baseline Multiclass Classificati... Elapsed:00:00
	Starting cross validation
	Finished cross validation - mean Log Loss Multiclass: 1.000
(2/5) Random Forest Classifier w/ Imputer      Elapsed:00:00
	Starting cross validation
	Finished cross validation - mean Log Loss Multiclass: 1.000
(3/5) Random Forest Classifier w/ Imputer      Elapsed:00:00
	Starting cross validation
	Finished cross validation - mean Log Loss Multiclass: 1.000
(4/5) Random Forest Classifier w/ Imputer      Elapsed:00:00
	Starting cross validation
	Finished cross validation - mean Log Loss Multiclass: 1.000
(5/5) Random Forest Classifier w/ Imputer      Elapsed:00:00
	Starting cross validation
	Finished cross validation - mean Log Loss Multiclass: 1.000

Search finished after 00:00            
Best pipeline: Mode Baseline Multiclass Classification Pipeline
Best pipeline Log Loss Multiclass: 1.000000
</system-out></testcase><testcase classname="evalml.tests.automl_tests.test_automl_search_classification" file="evalml/tests/automl_tests/test_automl_search_classification.py" line="516" name="test_automl_allowed_pipelines_init_allowed_both_not_specified_binary" time="0.562"><system-out>Using default limit of max_pipelines=5.

Generating pipelines to search over...
*****************************
* Beginning pipeline search *
*****************************

Optimizing for Log Loss Binary. 
Lower score is better.

Searching up to 5 pipelines. 
Allowed model families: lightgbm, linear_model, xgboost, random_forest, catboost, extra_trees

(1/5) Mode Baseline Binary Classification P... Elapsed:00:00
	Starting cross validation
	Finished cross validation - mean Log Loss Binary: 1.000
(2/5) LightGBM Classifier w/ Imputer           Elapsed:00:00
	Starting cross validation
	Finished cross validation - mean Log Loss Binary: 1.000
(3/5) Extra Trees Classifier w/ Imputer        Elapsed:00:00
	Starting cross validation
	Finished cross validation - mean Log Loss Binary: 1.000
(4/5) Elastic Net Classifier w/ Imputer + S... Elapsed:00:00
	Starting cross validation
	Finished cross validation - mean Log Loss Binary: 1.000
(5/5) CatBoost Classifier w/ Imputer           Elapsed:00:00
	Starting cross validation
	Finished cross validation - mean Log Loss Binary: 1.000

Search finished after 00:00            
Best pipeline: Mode Baseline Binary Classification Pipeline
Best pipeline Log Loss Binary: 1.000000
</system-out></testcase><testcase classname="evalml.tests.automl_tests.test_automl_search_classification" file="evalml/tests/automl_tests/test_automl_search_classification.py" line="532" name="test_automl_allowed_pipelines_init_allowed_both_not_specified_multi" time="0.531"><system-out>Using default limit of max_pipelines=5.

Generating pipelines to search over...
*****************************
* Beginning pipeline search *
*****************************

Optimizing for Log Loss Multiclass. 
Lower score is better.

Searching up to 5 pipelines. 
Allowed model families: lightgbm, linear_model, xgboost, random_forest, catboost, extra_trees

(1/5) Mode Baseline Multiclass Classificati... Elapsed:00:00
	Starting cross validation
	Finished cross validation - mean Log Loss Multiclass: 1.000
(2/5) LightGBM Classifier w/ Imputer           Elapsed:00:00
	Starting cross validation
	Finished cross validation - mean Log Loss Multiclass: 1.000
(3/5) Extra Trees Classifier w/ Imputer        Elapsed:00:00
	Starting cross validation
	Finished cross validation - mean Log Loss Multiclass: 1.000
(4/5) Elastic Net Classifier w/ Imputer + S... Elapsed:00:00
	Starting cross validation
	Finished cross validation - mean Log Loss Multiclass: 1.000
(5/5) CatBoost Classifier w/ Imputer           Elapsed:00:00
	Starting cross validation
	Finished cross validation - mean Log Loss Multiclass: 1.000

Search finished after 00:00            
Best pipeline: Mode Baseline Multiclass Classification Pipeline
Best pipeline Log Loss Multiclass: 1.000000
</system-out></testcase><testcase classname="evalml.tests.automl_tests.test_automl_search_classification" file="evalml/tests/automl_tests/test_automl_search_classification.py" line="548" name="test_automl_allowed_pipelines_init_allowed_both_specified_binary" time="0.370"><system-out>Using default limit of max_pipelines=5.

*****************************
* Beginning pipeline search *
*****************************

Optimizing for Log Loss Binary. 
Lower score is better.

Searching up to 5 pipelines. 
Allowed model families: none

(1/5) Mode Baseline Binary Classification P... Elapsed:00:00
	Starting cross validation
	Finished cross validation - mean Log Loss Binary: 1.000
(2/5) Mock Binary Classification Pipeline      Elapsed:00:00
	Starting cross validation
	Finished cross validation - mean Log Loss Binary: 1.000
(3/5) Mock Binary Classification Pipeline      Elapsed:00:00
	Starting cross validation
	Finished cross validation - mean Log Loss Binary: 1.000
(4/5) Mock Binary Classification Pipeline      Elapsed:00:00
	Starting cross validation
	Finished cross validation - mean Log Loss Binary: 1.000
(5/5) Mock Binary Classification Pipeline      Elapsed:00:00
	Starting cross validation
	Finished cross validation - mean Log Loss Binary: 1.000

Search finished after 00:00            
Best pipeline: Mode Baseline Binary Classification Pipeline
Best pipeline Log Loss Binary: 1.000000
</system-out></testcase><testcase classname="evalml.tests.automl_tests.test_automl_search_classification" file="evalml/tests/automl_tests/test_automl_search_classification.py" line="565" name="test_automl_allowed_pipelines_init_allowed_both_specified_multi" time="0.154"><system-out>Using default limit of max_pipelines=5.

*****************************
* Beginning pipeline search *
*****************************

Optimizing for Log Loss Multiclass. 
Lower score is better.

Searching up to 5 pipelines. 
Allowed model families: none

(1/5) Mode Baseline Multiclass Classificati... Elapsed:00:00
	Starting cross validation
	Finished cross validation - mean Log Loss Multiclass: 1.000
(2/5) Mock Multiclass Classification Pipeline  Elapsed:00:00
	Starting cross validation
	Finished cross validation - mean Log Loss Multiclass: 1.000
(3/5) Mock Multiclass Classification Pipeline  Elapsed:00:00
	Starting cross validation
	Finished cross validation - mean Log Loss Multiclass: 1.000
(4/5) Mock Multiclass Classification Pipeline  Elapsed:00:00
	Starting cross validation
	Finished cross validation - mean Log Loss Multiclass: 1.000
(5/5) Mock Multiclass Classification Pipeline  Elapsed:00:00
	Starting cross validation
	Finished cross validation - mean Log Loss Multiclass: 1.000

Search finished after 00:00            
Best pipeline: Mode Baseline Multiclass Classification Pipeline
Best pipeline Log Loss Multiclass: 1.000000
</system-out></testcase><testcase classname="evalml.tests.automl_tests.test_automl_search_classification" file="evalml/tests/automl_tests/test_automl_search_classification.py" line="582" name="test_automl_allowed_pipelines_search" time="0.135"><system-out>*****************************
* Beginning pipeline search *
*****************************

Optimizing for Log Loss Binary. 
Lower score is better.

Searching up to 2 pipelines. 
Allowed model families: none

(1/2) Mode Baseline Binary Classification P... Elapsed:00:00
	Starting cross validation
	Finished cross validation - mean Log Loss Binary: 1.000
(2/2) Mock Binary Classification Pipeline      Elapsed:00:00
	Starting cross validation
	Finished cross validation - mean Log Loss Binary: 1.000

Search finished after 00:00            
Best pipeline: Mode Baseline Binary Classification Pipeline
Best pipeline Log Loss Binary: 1.000000
</system-out></testcase><testcase classname="evalml.tests.automl_tests.test_automl_search_regression" file="evalml/tests/automl_tests/test_automl_search_regression.py" line="16" name="test_init" time="2.634"><system-out>Generating pipelines to search over...
*****************************
* Beginning pipeline search *
*****************************

Optimizing for R2. 
Greater score is better.

Searching up to 3 pipelines. 
Allowed model families: linear_model, xgboost, random_forest, catboost, extra_trees

(1/3) Mean Baseline Regression Pipeline        Elapsed:00:00
	Starting cross validation
	Finished cross validation - mean R2: -0.015
(2/3) Extra Trees Regressor w/ Imputer         Elapsed:00:00
	Starting cross validation
	Finished cross validation - mean R2: 0.910
(3/3) XGBoost Regressor w/ Imputer             Elapsed:00:00
	Starting cross validation
	Finished cross validation - mean R2: 0.838

Search finished after 00:01            
Best pipeline: Extra Trees Regressor w/ Imputer
Best pipeline R2: 0.909807
Generating pipelines to search over...
*****************************
* Beginning pipeline search *
*****************************

Optimizing for R2. 
Greater score is better.

Searching up to 3 pipelines. 
Allowed model families: linear_model, xgboost, random_forest, catboost, extra_trees

(1/3) Mean Baseline Regression Pipeline        Elapsed:00:00
	Starting cross validation
	Finished cross validation - mean R2: -0.015
(2/3) Extra Trees Regressor w/ Imputer         Elapsed:00:00
	Starting cross validation
	Finished cross validation - mean R2: 0.910
(3/3) XGBoost Regressor w/ Imputer             Elapsed:00:00
	Starting cross validation
	Finished cross validation - mean R2: 0.838

Search finished after 00:01            
Best pipeline: Extra Trees Regressor w/ Imputer
Best pipeline R2: 0.909807
</system-out></testcase><testcase classname="evalml.tests.automl_tests.test_automl_search_regression" file="evalml/tests/automl_tests/test_automl_search_regression.py" line="36" name="test_random_state" time="4.225"><system-out>Generating pipelines to search over...
*****************************
* Beginning pipeline search *
*****************************

Optimizing for R2. 
Greater score is better.

Searching up to 5 pipelines. 
Allowed model families: linear_model, xgboost, random_forest, catboost, extra_trees

(1/5) Mean Baseline Regression Pipeline        Elapsed:00:00
	Starting cross validation
	Finished cross validation - mean R2: -0.015
(2/5) Extra Trees Regressor w/ Imputer         Elapsed:00:00
	Starting cross validation
	Finished cross validation - mean R2: 0.910
(3/5) XGBoost Regressor w/ Imputer             Elapsed:00:00
	Starting cross validation
	Finished cross validation - mean R2: 0.838
(4/5) CatBoost Regressor w/ Imputer            Elapsed:00:01
	Starting cross validation
	Finished cross validation - mean R2: 0.137
(5/5) Random Forest Regressor w/ Imputer       Elapsed:00:01
	Starting cross validation
	Finished cross validation - mean R2: 0.844

Search finished after 00:01            
Best pipeline: Extra Trees Regressor w/ Imputer
Best pipeline R2: 0.909807
Generating pipelines to search over...
*****************************
* Beginning pipeline search *
*****************************

Optimizing for R2. 
Greater score is better.

Searching up to 5 pipelines. 
Allowed model families: linear_model, xgboost, random_forest, catboost, extra_trees

(1/5) Mean Baseline Regression Pipeline        Elapsed:00:00
	Starting cross validation
	Finished cross validation - mean R2: -0.015
(2/5) Extra Trees Regressor w/ Imputer         Elapsed:00:00
	Starting cross validation
	Finished cross validation - mean R2: 0.910
(3/5) XGBoost Regressor w/ Imputer             Elapsed:00:00
	Starting cross validation
	Finished cross validation - mean R2: 0.838
(4/5) CatBoost Regressor w/ Imputer            Elapsed:00:01
	Starting cross validation
	Finished cross validation - mean R2: 0.137
(5/5) Random Forest Regressor w/ Imputer       Elapsed:00:01
	Starting cross validation
	Finished cross validation - mean R2: 0.844

Search finished after 00:01            
Best pipeline: Extra Trees Regressor w/ Imputer
Best pipeline R2: 0.909807
</system-out></testcase><testcase classname="evalml.tests.automl_tests.test_automl_search_regression" file="evalml/tests/automl_tests/test_automl_search_regression.py" line="48" name="test_categorical_regression" time="2.382"><system-out>Generating pipelines to search over...
*****************************
* Beginning pipeline search *
*****************************

Optimizing for R2. 
Greater score is better.

Searching up to 5 pipelines. 
Allowed model families: linear_model, xgboost, random_forest, catboost, extra_trees

(1/5) Mean Baseline Regression Pipeline        Elapsed:00:00
	Starting cross validation
	Finished cross validation - mean R2: -0.009
(2/5) Extra Trees Regressor w/ Imputer + On... Elapsed:00:00
	Starting cross validation
	Finished cross validation - mean R2: 0.326
(3/5) XGBoost Regressor w/ Imputer + One Ho... Elapsed:00:00
	Starting cross validation
	Finished cross validation - mean R2: 0.174
(4/5) CatBoost Regressor w/ Imputer            Elapsed:00:01
	Starting cross validation
	Finished cross validation - mean R2: 0.129
(5/5) Random Forest Regressor w/ Imputer + ... Elapsed:00:01
	Starting cross validation
	Finished cross validation - mean R2: 0.354

Search finished after 00:02            
Best pipeline: Random Forest Regressor w/ Imputer + One Hot Encoder
Best pipeline R2: 0.353969
</system-out></testcase><testcase classname="evalml.tests.utils_tests.test_graph_utils" file="evalml/tests/utils_tests/test_graph_utils.py" line="371" name="test_get_permutation_importance_binary[pd]" time="19.938"></testcase><testcase classname="evalml.tests.model_understanding_tests.test_graphs" file="evalml/tests/model_understanding_tests/test_graphs.py" line="385" name="test_get_permutation_importance_multiclass" time="34.856"></testcase><testcase classname="evalml.tests.utils_tests.test_graph_utils" file="evalml/tests/utils_tests/test_graph_utils.py" line="395" name="test_get_permutation_importance_regression" time="17.723"></testcase><testcase classname="evalml.tests.model_understanding_tests.test_graphs" file="evalml/tests/model_understanding_tests/test_graphs.py" line="395" name="test_get_permutation_importance_regression" time="17.182"></testcase><testcase classname="evalml.tests.model_understanding_tests.test_graphs" file="evalml/tests/model_understanding_tests/test_graphs.py" line="405" name="test_get_permutation_importance_correlated_features" time="0.481"></testcase><testcase classname="evalml.tests.model_understanding_tests.test_graphs" file="evalml/tests/model_understanding_tests/test_graphs.py" line="421" name="test_graph_permutation_importance" time="4.662"></testcase><testcase classname="evalml.tests.model_understanding_tests.test_graphs" file="evalml/tests/model_understanding_tests/test_graphs.py" line="440" name="test_graph_permutation_importance_show_all_features" time="0.010"></testcase><testcase classname="evalml.tests.model_understanding_tests.prediction_explanations_tests.test_algorithms" file="evalml/tests/model_understanding_tests/prediction_explanations_tests/test_algorithms.py" line="54" name="test_value_errors_raised[MeanBaselineRegressionPipeline-ValueError-You passed in a baseline pipeline. These are simple enough that SHAP values are not needed.]" time="0.010"></testcase><testcase classname="evalml.tests.model_understanding_tests.prediction_explanations_tests.test_algorithms" file="evalml/tests/model_understanding_tests/prediction_explanations_tests/test_algorithms.py" line="54" name="test_value_errors_raised[ModeBaselineBinaryPipeline-ValueError-You passed in a baseline pipeline. These are simple enough that SHAP values are not needed.]" time="0.008"></testcase><testcase classname="evalml.tests.model_understanding_tests.prediction_explanations_tests.test_algorithms" file="evalml/tests/model_understanding_tests/prediction_explanations_tests/test_algorithms.py" line="54" name="test_value_errors_raised[ModeBaselineMulticlassPipeline-ValueError-You passed in a baseline pipeline. These are simple enough that SHAP values are not needed.]" time="0.008"></testcase><testcase classname="evalml.tests.model_understanding_tests.prediction_explanations_tests.test_algorithms" file="evalml/tests/model_understanding_tests/prediction_explanations_tests/test_algorithms.py" line="54" name="test_value_errors_raised[Pipeline-NotImplementedError-SHAP values cannot currently be computed for catboost models for multiclass problems.]" time="0.002"></testcase><testcase classname="evalml.tests.model_understanding_tests.prediction_explanations_tests.test_algorithms" file="evalml/tests/model_understanding_tests/prediction_explanations_tests/test_algorithms.py" line="54" name="test_value_errors_raised[Pipeline-NotImplementedError-SHAP values cannot currently be computed for xgboost models.0]" time="0.002"></testcase><testcase classname="evalml.tests.model_understanding_tests.prediction_explanations_tests.test_algorithms" file="evalml/tests/model_understanding_tests/prediction_explanations_tests/test_algorithms.py" line="54" name="test_value_errors_raised[Pipeline-NotImplementedError-SHAP values cannot currently be computed for xgboost models.1]" time="0.002"></testcase><testcase classname="evalml.tests.model_understanding_tests.prediction_explanations_tests.test_algorithms" file="evalml/tests/model_understanding_tests/prediction_explanations_tests/test_algorithms.py" line="54" name="test_value_errors_raised[Pipeline-NotImplementedError-SHAP values cannot currently be computed for xgboost models.2]" time="0.002"></testcase><testcase classname="evalml.tests.model_understanding_tests.prediction_explanations_tests.test_algorithms" file="evalml/tests/model_understanding_tests/prediction_explanations_tests/test_algorithms.py" line="54" name="test_value_errors_raised[Pipeline-ValueError-^Unknown shap_values datatype]" time="0.004"></testcase><testcase classname="evalml.tests.model_understanding_tests.prediction_explanations_tests.test_algorithms" file="evalml/tests/model_understanding_tests/prediction_explanations_tests/test_algorithms.py" line="54" name="test_value_errors_raised[Pipeline-ValueError-You must pass in a value for parameter &apos;training_data&apos; when the pipeline does not have a tree-based estimator. Current estimator model family is Linear.]" time="0.002"></testcase><testcase classname="evalml.tests.model_understanding_tests.prediction_explanations_tests.test_algorithms" file="evalml/tests/model_understanding_tests/prediction_explanations_tests/test_algorithms.py" line="75" name="test_create_dictionary_exception" time="0.001"></testcase><testcase classname="evalml.tests.model_understanding_tests.prediction_explanations_tests.test_algorithms" file="evalml/tests/model_understanding_tests/prediction_explanations_tests/test_algorithms.py" line="98" name="test_shap[ExtraTreesRegressor-Regression-1]" time="0.135"></testcase><testcase classname="evalml.tests.model_understanding_tests.prediction_explanations_tests.test_algorithms" file="evalml/tests/model_understanding_tests/prediction_explanations_tests/test_algorithms.py" line="98" name="test_shap[ExtraTreesRegressor-Regression-5]" time="0.138"></testcase><testcase classname="evalml.tests.model_understanding_tests.prediction_explanations_tests.test_algorithms" file="evalml/tests/model_understanding_tests/prediction_explanations_tests/test_algorithms.py" line="98" name="test_shap[ExtraTreesRegressor-Binary Classification-1]" time="0.003"><skipped message="Skipping because estimator and pipeline are not compatible." type="pytest.skip">/Users/bryan.chen/Documents/featurelabs/evalml/evalml/tests/model_understanding_tests/prediction_explanations_tests/test_algorithms.py:104: Skipping because estimator and pipeline are not compatible.</skipped></testcase></testsuite>